<?xml version="1.0" encoding="UTF-8"?>
<testng-results skipped="0" failed="0" ignored="0" total="1" passed="1">
  <reporter-output>
  </reporter-output>
  <suite name="Default suite" duration-ms="34773" started-at="2019-12-11T15:22:24Z" finished-at="2019-12-11T15:22:59Z">
    <groups>
    </groups>
    <test name="Default test" duration-ms="34773" started-at="2019-12-11T15:22:24Z" finished-at="2019-12-11T15:22:59Z">
      <class name="com.vicks.qa.testcases.HomePageTest">
        <test-method status="PASS" signature="setUp()[pri:0, instance:com.vicks.qa.testcases.HomePageTest@4883b407]" name="setUp" is-config="true" duration-ms="23228" started-at="2019-12-11T10:22:24Z" finished-at="2019-12-11T10:22:47Z">
          <reporter-output>
          </reporter-output>
        </test-method> <!-- setUp -->
        <test-method status="PASS" signature="testPrintOutAllLinkText()[pri:0, instance:com.vicks.qa.testcases.HomePageTest@4883b407]" name="testPrintOutAllLinkText" duration-ms="9865" started-at="2019-12-11T10:22:47Z" finished-at="2019-12-11T10:22:57Z">
          <reporter-output>
          </reporter-output>
        </test-method> <!-- testPrintOutAllLinkText -->
        <test-method status="PASS" signature="tearDown()[pri:0, instance:com.vicks.qa.testcases.HomePageTest@4883b407]" name="tearDown" is-config="true" duration-ms="1563" started-at="2019-12-11T10:22:57Z" finished-at="2019-12-11T10:22:59Z">
          <reporter-output>
          </reporter-output>
        </test-method> <!-- tearDown -->
      </class> <!-- com.vicks.qa.testcases.HomePageTest -->
    </test> <!-- Default test -->
  </suite> <!-- Default suite -->
</testng-results>
